[0.059s] Invoking command in '/home/fatma/AUV_ws/build/vision': CMAKE_PREFIX_PATH=/opt/ros/eloquent /usr/local/bin/cmake /home/fatma/AUV_ws/src/vision -DCMAKE_INSTALL_PREFIX=/home/fatma/AUV_ws/install/vision
[3.064s] -- The C compiler identification is GNU 7.5.0
[5.296s] -- The CXX compiler identification is GNU 7.5.0
[5.518s] -- Check for working C compiler: /usr/bin/cc
[5.679s] -- Check for working C compiler: /usr/bin/cc -- works
[5.721s] -- Detecting C compiler ABI info
[5.876s] -- Detecting C compiler ABI info - done
[6.030s] -- Detecting C compile features
[6.405s] -- Detecting C compile features - done
[6.432s] -- Check for working CXX compiler: /usr/bin/c++
[6.588s] -- Check for working CXX compiler: /usr/bin/c++ -- works
[6.599s] -- Detecting CXX compiler ABI info
[6.730s] -- Detecting CXX compiler ABI info - done
[6.831s] -- Detecting CXX compile features
[7.548s] -- Detecting CXX compile features - done
[7.649s] -- Found ament_cmake: 0.8.2 (/opt/ros/eloquent/share/ament_cmake/cmake)
[7.759s] -- Found PythonInterp: /usr/bin/python3 (found suitable version "3.6.9", minimum required is "3") 
[7.760s] -- Using PYTHON_EXECUTABLE: /usr/bin/python3
[8.299s] -- Found ament_lint_auto: 0.8.1 (/opt/ros/eloquent/share/ament_lint_auto/cmake)
[8.565s] -- Added test 'lint_cmake' to check CMake code style
[8.570s] -- Added test 'xmllint' to check XML markup files
[8.583s] -- Configuring done
[8.589s] -- Generating done
[8.593s] -- Build files have been written to: /home/fatma/AUV_ws/build/vision
[8.599s] Invoked command in '/home/fatma/AUV_ws/build/vision' returned '0': CMAKE_PREFIX_PATH=/opt/ros/eloquent /usr/local/bin/cmake /home/fatma/AUV_ws/src/vision -DCMAKE_INSTALL_PREFIX=/home/fatma/AUV_ws/install/vision
[8.603s] Invoking command in '/home/fatma/AUV_ws/build/vision': CMAKE_PREFIX_PATH=/opt/ros/eloquent /usr/local/bin/cmake --build /home/fatma/AUV_ws/build/vision -- -j4 -l4
[8.640s] Invoked command in '/home/fatma/AUV_ws/build/vision' returned '0': CMAKE_PREFIX_PATH=/opt/ros/eloquent /usr/local/bin/cmake --build /home/fatma/AUV_ws/build/vision -- -j4 -l4
[8.676s] Invoking command in '/home/fatma/AUV_ws/build/vision': CMAKE_PREFIX_PATH=/opt/ros/eloquent /usr/local/bin/cmake --build /home/fatma/AUV_ws/build/vision --target install -- -j4 -l4
[8.716s] [36mInstall the project...[0m
[8.722s] -- Install configuration: ""
[8.723s] -- Installing: /home/fatma/AUV_ws/install/vision/share/ament_index/resource_index/package_run_dependencies/vision
[8.724s] -- Installing: /home/fatma/AUV_ws/install/vision/share/ament_index/resource_index/parent_prefix_path/vision
[8.724s] -- Installing: /home/fatma/AUV_ws/install/vision/share/vision/environment/ament_prefix_path.sh
[8.725s] -- Installing: /home/fatma/AUV_ws/install/vision/share/vision/environment/ament_prefix_path.dsv
[8.725s] -- Installing: /home/fatma/AUV_ws/install/vision/share/vision/environment/path.sh
[8.726s] -- Installing: /home/fatma/AUV_ws/install/vision/share/vision/environment/path.dsv
[8.727s] -- Installing: /home/fatma/AUV_ws/install/vision/share/vision/local_setup.bash
[8.727s] -- Installing: /home/fatma/AUV_ws/install/vision/share/vision/local_setup.sh
[8.727s] -- Installing: /home/fatma/AUV_ws/install/vision/share/vision/local_setup.zsh
[8.728s] -- Installing: /home/fatma/AUV_ws/install/vision/share/vision/local_setup.dsv
[8.728s] -- Installing: /home/fatma/AUV_ws/install/vision/share/vision/package.dsv
[8.729s] -- Installing: /home/fatma/AUV_ws/install/vision/share/ament_index/resource_index/packages/vision
[8.730s] -- Installing: /home/fatma/AUV_ws/install/vision/share/vision/cmake/visionConfig.cmake
[8.730s] -- Installing: /home/fatma/AUV_ws/install/vision/share/vision/cmake/visionConfig-version.cmake
[8.730s] -- Installing: /home/fatma/AUV_ws/install/vision/share/vision/package.xml
[8.738s] Invoked command in '/home/fatma/AUV_ws/build/vision' returned '0': CMAKE_PREFIX_PATH=/opt/ros/eloquent /usr/local/bin/cmake --build /home/fatma/AUV_ws/build/vision --target install -- -j4 -l4
