[0.032s] Invoking command in '/home/fatma/VAUV/Software/vortex_ws/build/sensors': CMAKE_PREFIX_PATH=/opt/ros/eloquent /usr/local/bin/cmake --build /home/fatma/VAUV/Software/vortex_ws/build/sensors -- -j4 -l4
[0.066s] Invoked command in '/home/fatma/VAUV/Software/vortex_ws/build/sensors' returned '0': CMAKE_PREFIX_PATH=/opt/ros/eloquent /usr/local/bin/cmake --build /home/fatma/VAUV/Software/vortex_ws/build/sensors -- -j4 -l4
[0.101s] Invoking command in '/home/fatma/VAUV/Software/vortex_ws/build/sensors': CMAKE_PREFIX_PATH=/opt/ros/eloquent /usr/local/bin/cmake --build /home/fatma/VAUV/Software/vortex_ws/build/sensors --target install -- -j4 -l4
[0.142s] [36mInstall the project...[0m
[0.149s] -- Install configuration: ""
[0.150s] -- Up-to-date: /home/fatma/VAUV/Software/vortex_ws/install/sensors/share/ament_index/resource_index/package_run_dependencies/sensors
[0.151s] -- Up-to-date: /home/fatma/VAUV/Software/vortex_ws/install/sensors/share/ament_index/resource_index/parent_prefix_path/sensors
[0.151s] -- Up-to-date: /home/fatma/VAUV/Software/vortex_ws/install/sensors/share/sensors/environment/ament_prefix_path.sh
[0.152s] -- Up-to-date: /home/fatma/VAUV/Software/vortex_ws/install/sensors/share/sensors/environment/ament_prefix_path.dsv
[0.153s] -- Up-to-date: /home/fatma/VAUV/Software/vortex_ws/install/sensors/share/sensors/environment/path.sh
[0.153s] -- Up-to-date: /home/fatma/VAUV/Software/vortex_ws/install/sensors/share/sensors/environment/path.dsv
[0.153s] -- Up-to-date: /home/fatma/VAUV/Software/vortex_ws/install/sensors/share/sensors/local_setup.bash
[0.154s] -- Up-to-date: /home/fatma/VAUV/Software/vortex_ws/install/sensors/share/sensors/local_setup.sh
[0.155s] -- Up-to-date: /home/fatma/VAUV/Software/vortex_ws/install/sensors/share/sensors/local_setup.zsh
[0.156s] -- Up-to-date: /home/fatma/VAUV/Software/vortex_ws/install/sensors/share/sensors/local_setup.dsv
[0.157s] -- Installing: /home/fatma/VAUV/Software/vortex_ws/install/sensors/share/sensors/package.dsv
[0.157s] -- Up-to-date: /home/fatma/VAUV/Software/vortex_ws/install/sensors/share/ament_index/resource_index/packages/sensors
[0.157s] -- Up-to-date: /home/fatma/VAUV/Software/vortex_ws/install/sensors/share/sensors/cmake/sensorsConfig.cmake
[0.158s] -- Up-to-date: /home/fatma/VAUV/Software/vortex_ws/install/sensors/share/sensors/cmake/sensorsConfig-version.cmake
[0.158s] -- Up-to-date: /home/fatma/VAUV/Software/vortex_ws/install/sensors/share/sensors/package.xml
[0.188s] Invoked command in '/home/fatma/VAUV/Software/vortex_ws/build/sensors' returned '0': CMAKE_PREFIX_PATH=/opt/ros/eloquent /usr/local/bin/cmake --build /home/fatma/VAUV/Software/vortex_ws/build/sensors --target install -- -j4 -l4
