[0.031s] Invoking command in '/home/fatma/VAUV/Software/vortex_ws/build/vision': CMAKE_PREFIX_PATH=/opt/ros/eloquent /usr/local/bin/cmake --build /home/fatma/VAUV/Software/vortex_ws/build/vision -- -j4 -l4
[0.063s] Invoked command in '/home/fatma/VAUV/Software/vortex_ws/build/vision' returned '0': CMAKE_PREFIX_PATH=/opt/ros/eloquent /usr/local/bin/cmake --build /home/fatma/VAUV/Software/vortex_ws/build/vision -- -j4 -l4
[0.100s] Invoking command in '/home/fatma/VAUV/Software/vortex_ws/build/vision': CMAKE_PREFIX_PATH=/opt/ros/eloquent /usr/local/bin/cmake --build /home/fatma/VAUV/Software/vortex_ws/build/vision --target install -- -j4 -l4
[0.132s] [36mInstall the project...[0m
[0.137s] -- Install configuration: ""
[0.138s] -- Up-to-date: /home/fatma/VAUV/Software/vortex_ws/install/vision/share/ament_index/resource_index/package_run_dependencies/vision
[0.138s] -- Up-to-date: /home/fatma/VAUV/Software/vortex_ws/install/vision/share/ament_index/resource_index/parent_prefix_path/vision
[0.138s] -- Up-to-date: /home/fatma/VAUV/Software/vortex_ws/install/vision/share/vision/environment/ament_prefix_path.sh
[0.139s] -- Up-to-date: /home/fatma/VAUV/Software/vortex_ws/install/vision/share/vision/environment/ament_prefix_path.dsv
[0.139s] -- Up-to-date: /home/fatma/VAUV/Software/vortex_ws/install/vision/share/vision/environment/path.sh
[0.139s] -- Up-to-date: /home/fatma/VAUV/Software/vortex_ws/install/vision/share/vision/environment/path.dsv
[0.140s] -- Up-to-date: /home/fatma/VAUV/Software/vortex_ws/install/vision/share/vision/local_setup.bash
[0.140s] -- Up-to-date: /home/fatma/VAUV/Software/vortex_ws/install/vision/share/vision/local_setup.sh
[0.140s] -- Up-to-date: /home/fatma/VAUV/Software/vortex_ws/install/vision/share/vision/local_setup.zsh
[0.141s] -- Up-to-date: /home/fatma/VAUV/Software/vortex_ws/install/vision/share/vision/local_setup.dsv
[0.141s] -- Installing: /home/fatma/VAUV/Software/vortex_ws/install/vision/share/vision/package.dsv
[0.142s] -- Up-to-date: /home/fatma/VAUV/Software/vortex_ws/install/vision/share/ament_index/resource_index/packages/vision
[0.142s] -- Up-to-date: /home/fatma/VAUV/Software/vortex_ws/install/vision/share/vision/cmake/visionConfig.cmake
[0.143s] -- Up-to-date: /home/fatma/VAUV/Software/vortex_ws/install/vision/share/vision/cmake/visionConfig-version.cmake
[0.144s] -- Up-to-date: /home/fatma/VAUV/Software/vortex_ws/install/vision/share/vision/package.xml
[0.149s] Invoked command in '/home/fatma/VAUV/Software/vortex_ws/build/vision' returned '0': CMAKE_PREFIX_PATH=/opt/ros/eloquent /usr/local/bin/cmake --build /home/fatma/VAUV/Software/vortex_ws/build/vision --target install -- -j4 -l4
