[0.221s] DEBUG:colcon:Command line arguments: ['/usr/bin/colcon', 'build']
[0.222s] DEBUG:colcon:Parsed command line arguments: Namespace(ament_cmake_args=None, base_paths=['.'], build_base='build', catkin_cmake_args=None, catkin_skip_building_tests=False, cmake_args=None, cmake_clean_cache=False, cmake_clean_first=False, cmake_force_configure=False, cmake_target=None, cmake_target_skip_unavailable=False, continue_on_error=False, event_handlers=None, executor='parallel', ignore_user_meta=False, install_base='install', log_base=None, log_level=None, main=<bound method BuildVerb.main of <colcon_core.verb.build.BuildVerb object at 0x7ff0abd24128>>, merge_install=False, metas=['./colcon.meta'], packages_above=None, packages_above_and_dependencies=None, packages_above_depth=None, packages_end=None, packages_ignore=None, packages_ignore_regex=None, packages_select=None, packages_select_build_failed=False, packages_select_by_dep=None, packages_select_regex=None, packages_select_test_failures=False, packages_skip=None, packages_skip_build_finished=False, packages_skip_by_dep=None, packages_skip_regex=None, packages_skip_test_passed=False, packages_skip_up_to=None, packages_start=None, packages_up_to=None, packages_up_to_regex=None, parallel_workers=4, paths=None, symlink_install=False, test_result_base=None, verb_extension=<colcon_core.verb.build.BuildVerb object at 0x7ff0abd24128>, verb_name='build', verb_parser=<colcon_defaults.argument_parser.defaults.DefaultArgumentsDecorator object at 0x7ff0abd24470>)
[0.229s] Level 1:colcon.colcon_core.package_discovery:discover_packages(colcon_meta) check parameters
[0.229s] Level 1:colcon.colcon_core.package_discovery:discover_packages(recursive) check parameters
[0.229s] Level 1:colcon.colcon_core.package_discovery:discover_packages(ignore) check parameters
[0.229s] Level 1:colcon.colcon_core.package_discovery:discover_packages(path) check parameters
[0.229s] Level 1:colcon.colcon_core.package_discovery:discover_packages(colcon_meta) discover
[0.229s] Level 1:colcon.colcon_core.package_discovery:discover_packages(recursive) discover
[0.229s] INFO:colcon.colcon_core.package_discovery:Crawling recursively for packages in '/home/fatma/VAUV/Software/vortex_ws'
[0.229s] Level 1:colcon.colcon_core.package_identification:_identify(.) by extensions ['ignore', 'ignore_ament_install']
[0.230s] Level 1:colcon.colcon_core.package_identification:_identify(.) by extension 'ignore'
[0.230s] Level 1:colcon.colcon_core.package_identification:_identify(.) by extension 'ignore_ament_install'
[0.230s] Level 1:colcon.colcon_core.package_identification:_identify(.) by extensions ['colcon_pkg']
[0.230s] Level 1:colcon.colcon_core.package_identification:_identify(.) by extension 'colcon_pkg'
[0.230s] Level 1:colcon.colcon_core.package_identification:_identify(.) by extensions ['colcon_meta']
[0.230s] Level 1:colcon.colcon_core.package_identification:_identify(.) by extension 'colcon_meta'
[0.230s] Level 1:colcon.colcon_core.package_identification:_identify(.) by extensions ['ros']
[0.230s] Level 1:colcon.colcon_core.package_identification:_identify(.) by extension 'ros'
[0.244s] Level 1:colcon.colcon_core.package_identification:_identify(.) by extensions ['cmake', 'python']
[0.244s] Level 1:colcon.colcon_core.package_identification:_identify(.) by extension 'cmake'
[0.244s] Level 1:colcon.colcon_core.package_identification:_identify(.) by extension 'python'
[0.244s] Level 1:colcon.colcon_core.package_identification:_identify(.) by extensions ['python_setup_py']
[0.244s] Level 1:colcon.colcon_core.package_identification:_identify(.) by extension 'python_setup_py'
[0.245s] Level 1:colcon.colcon_core.package_identification:_identify(build) by extensions ['ignore', 'ignore_ament_install']
[0.245s] Level 1:colcon.colcon_core.package_identification:_identify(build) by extension 'ignore'
[0.245s] Level 1:colcon.colcon_core.package_identification:_identify(build) ignored
[0.245s] Level 1:colcon.colcon_core.package_identification:_identify(install) by extensions ['ignore', 'ignore_ament_install']
[0.245s] Level 1:colcon.colcon_core.package_identification:_identify(install) by extension 'ignore'
[0.245s] Level 1:colcon.colcon_core.package_identification:_identify(install) ignored
[0.246s] Level 1:colcon.colcon_core.package_identification:_identify(log) by extensions ['ignore', 'ignore_ament_install']
[0.246s] Level 1:colcon.colcon_core.package_identification:_identify(log) by extension 'ignore'
[0.246s] Level 1:colcon.colcon_core.package_identification:_identify(log) ignored
[0.246s] Level 1:colcon.colcon_core.package_identification:_identify(src) by extensions ['ignore', 'ignore_ament_install']
[0.246s] Level 1:colcon.colcon_core.package_identification:_identify(src) by extension 'ignore'
[0.246s] Level 1:colcon.colcon_core.package_identification:_identify(src) by extension 'ignore_ament_install'
[0.246s] Level 1:colcon.colcon_core.package_identification:_identify(src) by extensions ['colcon_pkg']
[0.246s] Level 1:colcon.colcon_core.package_identification:_identify(src) by extension 'colcon_pkg'
[0.246s] Level 1:colcon.colcon_core.package_identification:_identify(src) by extensions ['colcon_meta']
[0.246s] Level 1:colcon.colcon_core.package_identification:_identify(src) by extension 'colcon_meta'
[0.246s] Level 1:colcon.colcon_core.package_identification:_identify(src) by extensions ['ros']
[0.246s] Level 1:colcon.colcon_core.package_identification:_identify(src) by extension 'ros'
[0.247s] Level 1:colcon.colcon_core.package_identification:_identify(src) by extensions ['cmake', 'python']
[0.247s] Level 1:colcon.colcon_core.package_identification:_identify(src) by extension 'cmake'
[0.247s] Level 1:colcon.colcon_core.package_identification:_identify(src) by extension 'python'
[0.247s] Level 1:colcon.colcon_core.package_identification:_identify(src) by extensions ['python_setup_py']
[0.247s] Level 1:colcon.colcon_core.package_identification:_identify(src) by extension 'python_setup_py'
[0.247s] Level 1:colcon.colcon_core.package_identification:_identify(src/sensors) by extensions ['ignore', 'ignore_ament_install']
[0.247s] Level 1:colcon.colcon_core.package_identification:_identify(src/sensors) by extension 'ignore'
[0.247s] Level 1:colcon.colcon_core.package_identification:_identify(src/sensors) by extension 'ignore_ament_install'
[0.247s] Level 1:colcon.colcon_core.package_identification:_identify(src/sensors) by extensions ['colcon_pkg']
[0.247s] Level 1:colcon.colcon_core.package_identification:_identify(src/sensors) by extension 'colcon_pkg'
[0.247s] Level 1:colcon.colcon_core.package_identification:_identify(src/sensors) by extensions ['colcon_meta']
[0.247s] Level 1:colcon.colcon_core.package_identification:_identify(src/sensors) by extension 'colcon_meta'
[0.247s] Level 1:colcon.colcon_core.package_identification:_identify(src/sensors) by extensions ['ros']
[0.247s] Level 1:colcon.colcon_core.package_identification:_identify(src/sensors) by extension 'ros'
[0.250s] DEBUG:colcon.colcon_core.package_identification:Package 'src/sensors' with type 'ros.ament_cmake' and name 'sensors'
[0.250s] Level 1:colcon.colcon_core.package_identification:_identify(src/vision) by extensions ['ignore', 'ignore_ament_install']
[0.250s] Level 1:colcon.colcon_core.package_identification:_identify(src/vision) by extension 'ignore'
[0.250s] Level 1:colcon.colcon_core.package_identification:_identify(src/vision) by extension 'ignore_ament_install'
[0.251s] Level 1:colcon.colcon_core.package_identification:_identify(src/vision) by extensions ['colcon_pkg']
[0.251s] Level 1:colcon.colcon_core.package_identification:_identify(src/vision) by extension 'colcon_pkg'
[0.251s] Level 1:colcon.colcon_core.package_identification:_identify(src/vision) by extensions ['colcon_meta']
[0.251s] Level 1:colcon.colcon_core.package_identification:_identify(src/vision) by extension 'colcon_meta'
[0.251s] Level 1:colcon.colcon_core.package_identification:_identify(src/vision) by extensions ['ros']
[0.251s] Level 1:colcon.colcon_core.package_identification:_identify(src/vision) by extension 'ros'
[0.251s] DEBUG:colcon.colcon_core.package_identification:Package 'src/vision' with type 'ros.ament_cmake' and name 'vision'
[0.251s] Level 1:colcon.colcon_core.package_discovery:discover_packages(recursive) using defaults
[0.252s] Level 1:colcon.colcon_core.package_discovery:discover_packages(ignore) discover
[0.252s] Level 1:colcon.colcon_core.package_discovery:discover_packages(ignore) using defaults
[0.252s] Level 1:colcon.colcon_core.package_discovery:discover_packages(path) discover
[0.252s] Level 1:colcon.colcon_core.package_discovery:discover_packages(path) using defaults
[0.282s] Level 5:colcon.colcon_core.verb:set package 'sensors' build argument 'cmake_args' from command line to 'None'
[0.282s] Level 5:colcon.colcon_core.verb:set package 'sensors' build argument 'cmake_target' from command line to 'None'
[0.282s] Level 5:colcon.colcon_core.verb:set package 'sensors' build argument 'cmake_target_skip_unavailable' from command line to 'False'
[0.282s] Level 5:colcon.colcon_core.verb:set package 'sensors' build argument 'cmake_clean_cache' from command line to 'False'
[0.282s] Level 5:colcon.colcon_core.verb:set package 'sensors' build argument 'cmake_clean_first' from command line to 'False'
[0.282s] Level 5:colcon.colcon_core.verb:set package 'sensors' build argument 'cmake_force_configure' from command line to 'False'
[0.282s] Level 5:colcon.colcon_core.verb:set package 'sensors' build argument 'ament_cmake_args' from command line to 'None'
[0.282s] Level 5:colcon.colcon_core.verb:set package 'sensors' build argument 'catkin_cmake_args' from command line to 'None'
[0.282s] Level 5:colcon.colcon_core.verb:set package 'sensors' build argument 'catkin_skip_building_tests' from command line to 'False'
[0.282s] DEBUG:colcon.colcon_core.verb:Building package 'sensors' with the following arguments: {'ament_cmake_args': None, 'build_base': '/home/fatma/VAUV/Software/vortex_ws/build/sensors', 'catkin_cmake_args': None, 'catkin_skip_building_tests': False, 'cmake_args': None, 'cmake_clean_cache': False, 'cmake_clean_first': False, 'cmake_force_configure': False, 'cmake_target': None, 'cmake_target_skip_unavailable': False, 'install_base': '/home/fatma/VAUV/Software/vortex_ws/install/sensors', 'merge_install': False, 'path': '/home/fatma/VAUV/Software/vortex_ws/src/sensors', 'symlink_install': False, 'test_result_base': None}
[0.286s] Level 5:colcon.colcon_core.verb:set package 'vision' build argument 'cmake_args' from command line to 'None'
[0.286s] Level 5:colcon.colcon_core.verb:set package 'vision' build argument 'cmake_target' from command line to 'None'
[0.286s] Level 5:colcon.colcon_core.verb:set package 'vision' build argument 'cmake_target_skip_unavailable' from command line to 'False'
[0.287s] Level 5:colcon.colcon_core.verb:set package 'vision' build argument 'cmake_clean_cache' from command line to 'False'
[0.287s] Level 5:colcon.colcon_core.verb:set package 'vision' build argument 'cmake_clean_first' from command line to 'False'
[0.287s] Level 5:colcon.colcon_core.verb:set package 'vision' build argument 'cmake_force_configure' from command line to 'False'
[0.287s] Level 5:colcon.colcon_core.verb:set package 'vision' build argument 'ament_cmake_args' from command line to 'None'
[0.287s] Level 5:colcon.colcon_core.verb:set package 'vision' build argument 'catkin_cmake_args' from command line to 'None'
[0.287s] Level 5:colcon.colcon_core.verb:set package 'vision' build argument 'catkin_skip_building_tests' from command line to 'False'
[0.287s] DEBUG:colcon.colcon_core.verb:Building package 'vision' with the following arguments: {'ament_cmake_args': None, 'build_base': '/home/fatma/VAUV/Software/vortex_ws/build/vision', 'catkin_cmake_args': None, 'catkin_skip_building_tests': False, 'cmake_args': None, 'cmake_clean_cache': False, 'cmake_clean_first': False, 'cmake_force_configure': False, 'cmake_target': None, 'cmake_target_skip_unavailable': False, 'install_base': '/home/fatma/VAUV/Software/vortex_ws/install/vision', 'merge_install': False, 'path': '/home/fatma/VAUV/Software/vortex_ws/src/vision', 'symlink_install': False, 'test_result_base': None}
[0.287s] INFO:colcon.colcon_core.executor:Executing jobs using 'parallel' executor
[0.290s] DEBUG:colcon.colcon_parallel_executor.executor.parallel:run_until_complete
[0.290s] INFO:colcon.colcon_ros.task.ament_cmake.build:Building ROS package in '/home/fatma/VAUV/Software/vortex_ws/src/sensors' with build type 'ament_cmake'
[0.290s] INFO:colcon.colcon_cmake.task.cmake.build:Building CMake package in '/home/fatma/VAUV/Software/vortex_ws/src/sensors'
[0.296s] INFO:colcon.colcon_core.plugin_system:Skipping extension 'colcon_core.shell.bat': Not used on non-Windows systems
[0.296s] INFO:colcon.colcon_core.shell:Skip shell extension 'powershell' for command environment: Not usable outside of PowerShell
[0.296s] DEBUG:colcon.colcon_core.shell:Skip shell extension 'dsv' for command environment
[0.299s] DEBUG:colcon.colcon_core.shell:Ignoring prefix path '/opt/ros/eloquent'
[0.302s] INFO:colcon.colcon_ros.task.ament_cmake.build:Building ROS package in '/home/fatma/VAUV/Software/vortex_ws/src/vision' with build type 'ament_cmake'
[0.303s] INFO:colcon.colcon_cmake.task.cmake.build:Building CMake package in '/home/fatma/VAUV/Software/vortex_ws/src/vision'
[0.305s] INFO:colcon.colcon_core.shell:Skip shell extension 'powershell' for command environment: Not usable outside of PowerShell
[0.306s] DEBUG:colcon.colcon_core.shell:Skip shell extension 'dsv' for command environment
[0.308s] DEBUG:colcon.colcon_core.shell:Ignoring prefix path '/opt/ros/eloquent'
[0.316s] DEBUG:colcon.colcon_core.event_handler.log_command:Invoking command in '/home/fatma/VAUV/Software/vortex_ws/build/sensors': CMAKE_PREFIX_PATH=/opt/ros/eloquent /usr/local/bin/cmake /home/fatma/VAUV/Software/vortex_ws/src/sensors -DCMAKE_INSTALL_PREFIX=/home/fatma/VAUV/Software/vortex_ws/install/sensors
[0.334s] DEBUG:colcon.colcon_core.event_handler.log_command:Invoking command in '/home/fatma/VAUV/Software/vortex_ws/build/vision': CMAKE_PREFIX_PATH=/opt/ros/eloquent /usr/local/bin/cmake --build /home/fatma/VAUV/Software/vortex_ws/build/vision -- -j4 -l4
[0.356s] DEBUG:colcon.colcon_core.event_handler.log_command:Invoked command in '/home/fatma/VAUV/Software/vortex_ws/build/vision' returned '0': CMAKE_PREFIX_PATH=/opt/ros/eloquent /usr/local/bin/cmake --build /home/fatma/VAUV/Software/vortex_ws/build/vision -- -j4 -l4
[0.385s] DEBUG:colcon.colcon_core.event_handler.log_command:Invoking command in '/home/fatma/VAUV/Software/vortex_ws/build/vision': CMAKE_PREFIX_PATH=/opt/ros/eloquent /usr/local/bin/cmake --build /home/fatma/VAUV/Software/vortex_ws/build/vision --target install -- -j4 -l4
[0.427s] Level 1:colcon.colcon_core.environment:create_environment_scripts_only(vision)
[0.431s] DEBUG:colcon.colcon_core.event_handler.log_command:Invoked command in '/home/fatma/VAUV/Software/vortex_ws/build/vision' returned '0': CMAKE_PREFIX_PATH=/opt/ros/eloquent /usr/local/bin/cmake --build /home/fatma/VAUV/Software/vortex_ws/build/vision --target install -- -j4 -l4
[0.435s] Level 1:colcon.colcon_core.environment:checking '/home/fatma/VAUV/Software/vortex_ws/install/vision' for CMake module files
[0.436s] Level 1:colcon.colcon_core.environment:checking '/home/fatma/VAUV/Software/vortex_ws/install/vision' for CMake config files
[0.437s] Level 1:colcon.colcon_core.shell:create_environment_hook('vision', 'cmake_prefix_path')
[0.438s] INFO:colcon.colcon_core.shell:Creating environment hook '/home/fatma/VAUV/Software/vortex_ws/install/vision/share/vision/hook/cmake_prefix_path.ps1'
[0.439s] INFO:colcon.colcon_core.shell:Creating environment descriptor '/home/fatma/VAUV/Software/vortex_ws/install/vision/share/vision/hook/cmake_prefix_path.dsv'
[0.440s] INFO:colcon.colcon_core.shell:Creating environment hook '/home/fatma/VAUV/Software/vortex_ws/install/vision/share/vision/hook/cmake_prefix_path.sh'
[0.442s] Level 1:colcon.colcon_core.environment:checking '/home/fatma/VAUV/Software/vortex_ws/install/vision/bin'
[0.442s] Level 1:colcon.colcon_core.environment:checking '/home/fatma/VAUV/Software/vortex_ws/install/vision/lib/pkgconfig/vision.pc'
[0.442s] Level 1:colcon.colcon_core.environment:checking '/home/fatma/VAUV/Software/vortex_ws/install/vision/lib/python3.6/site-packages'
[0.443s] INFO:colcon.colcon_core.shell:Creating package script '/home/fatma/VAUV/Software/vortex_ws/install/vision/share/vision/package.ps1'
[0.444s] INFO:colcon.colcon_core.shell:Creating package descriptor '/home/fatma/VAUV/Software/vortex_ws/install/vision/share/vision/package.dsv'
[0.445s] INFO:colcon.colcon_core.shell:Creating package script '/home/fatma/VAUV/Software/vortex_ws/install/vision/share/vision/package.sh'
[0.446s] INFO:colcon.colcon_core.shell:Creating package script '/home/fatma/VAUV/Software/vortex_ws/install/vision/share/vision/package.bash'
[0.447s] INFO:colcon.colcon_core.shell:Creating package script '/home/fatma/VAUV/Software/vortex_ws/install/vision/share/vision/package.zsh'
[0.449s] Level 1:colcon.colcon_core.environment:create_file_with_runtime_dependencies(/home/fatma/VAUV/Software/vortex_ws/install/vision/share/colcon-core/packages/vision)
[0.471s] Level 1:colcon.colcon_core.environment:create_environment_scripts_only(vision)
[0.473s] Level 1:colcon.colcon_core.environment:checking '/home/fatma/VAUV/Software/vortex_ws/install/vision' for CMake module files
[0.473s] Level 1:colcon.colcon_core.environment:checking '/home/fatma/VAUV/Software/vortex_ws/install/vision' for CMake config files
[0.474s] Level 1:colcon.colcon_core.shell:create_environment_hook('vision', 'cmake_prefix_path')
[0.474s] INFO:colcon.colcon_core.shell:Creating environment hook '/home/fatma/VAUV/Software/vortex_ws/install/vision/share/vision/hook/cmake_prefix_path.ps1'
[0.475s] INFO:colcon.colcon_core.shell:Creating environment descriptor '/home/fatma/VAUV/Software/vortex_ws/install/vision/share/vision/hook/cmake_prefix_path.dsv'
[0.476s] INFO:colcon.colcon_core.shell:Creating environment hook '/home/fatma/VAUV/Software/vortex_ws/install/vision/share/vision/hook/cmake_prefix_path.sh'
[0.477s] Level 1:colcon.colcon_core.environment:checking '/home/fatma/VAUV/Software/vortex_ws/install/vision/bin'
[0.477s] Level 1:colcon.colcon_core.environment:checking '/home/fatma/VAUV/Software/vortex_ws/install/vision/lib/pkgconfig/vision.pc'
[0.477s] Level 1:colcon.colcon_core.environment:checking '/home/fatma/VAUV/Software/vortex_ws/install/vision/lib/python3.6/site-packages'
[0.478s] INFO:colcon.colcon_core.shell:Creating package script '/home/fatma/VAUV/Software/vortex_ws/install/vision/share/vision/package.ps1'
[0.479s] INFO:colcon.colcon_core.shell:Creating package descriptor '/home/fatma/VAUV/Software/vortex_ws/install/vision/share/vision/package.dsv'
[0.479s] INFO:colcon.colcon_core.shell:Creating package script '/home/fatma/VAUV/Software/vortex_ws/install/vision/share/vision/package.sh'
[0.480s] INFO:colcon.colcon_core.shell:Creating package script '/home/fatma/VAUV/Software/vortex_ws/install/vision/share/vision/package.bash'
[0.480s] INFO:colcon.colcon_core.shell:Creating package script '/home/fatma/VAUV/Software/vortex_ws/install/vision/share/vision/package.zsh'
[0.481s] Level 1:colcon.colcon_core.environment:create_file_with_runtime_dependencies(/home/fatma/VAUV/Software/vortex_ws/install/vision/share/colcon-core/packages/vision)
[2.416s] DEBUG:colcon.colcon_core.event_handler.log_command:Invoked command in '/home/fatma/VAUV/Software/vortex_ws/build/sensors' returned '0': CMAKE_PREFIX_PATH=/opt/ros/eloquent /usr/local/bin/cmake /home/fatma/VAUV/Software/vortex_ws/src/sensors -DCMAKE_INSTALL_PREFIX=/home/fatma/VAUV/Software/vortex_ws/install/sensors
[2.421s] DEBUG:colcon.colcon_core.event_handler.log_command:Invoking command in '/home/fatma/VAUV/Software/vortex_ws/build/sensors': CMAKE_PREFIX_PATH=/opt/ros/eloquent /usr/local/bin/cmake --build /home/fatma/VAUV/Software/vortex_ws/build/sensors -- -j4 -l4
[2.447s] DEBUG:colcon.colcon_core.event_handler.log_command:Invoked command in '/home/fatma/VAUV/Software/vortex_ws/build/sensors' returned '0': CMAKE_PREFIX_PATH=/opt/ros/eloquent /usr/local/bin/cmake --build /home/fatma/VAUV/Software/vortex_ws/build/sensors -- -j4 -l4
[2.474s] DEBUG:colcon.colcon_core.event_handler.log_command:Invoking command in '/home/fatma/VAUV/Software/vortex_ws/build/sensors': CMAKE_PREFIX_PATH=/opt/ros/eloquent /usr/local/bin/cmake --build /home/fatma/VAUV/Software/vortex_ws/build/sensors --target install -- -j4 -l4
[2.520s] Level 1:colcon.colcon_core.environment:create_environment_scripts_only(sensors)
[2.522s] Level 1:colcon.colcon_core.environment:checking '/home/fatma/VAUV/Software/vortex_ws/install/sensors' for CMake module files
[2.523s] DEBUG:colcon.colcon_core.event_handler.log_command:Invoked command in '/home/fatma/VAUV/Software/vortex_ws/build/sensors' returned '0': CMAKE_PREFIX_PATH=/opt/ros/eloquent /usr/local/bin/cmake --build /home/fatma/VAUV/Software/vortex_ws/build/sensors --target install -- -j4 -l4
[2.523s] Level 1:colcon.colcon_core.environment:checking '/home/fatma/VAUV/Software/vortex_ws/install/sensors' for CMake config files
[2.524s] Level 1:colcon.colcon_core.shell:create_environment_hook('sensors', 'cmake_prefix_path')
[2.525s] INFO:colcon.colcon_core.shell:Creating environment hook '/home/fatma/VAUV/Software/vortex_ws/install/sensors/share/sensors/hook/cmake_prefix_path.ps1'
[2.525s] INFO:colcon.colcon_core.shell:Creating environment descriptor '/home/fatma/VAUV/Software/vortex_ws/install/sensors/share/sensors/hook/cmake_prefix_path.dsv'
[2.526s] INFO:colcon.colcon_core.shell:Creating environment hook '/home/fatma/VAUV/Software/vortex_ws/install/sensors/share/sensors/hook/cmake_prefix_path.sh'
[2.527s] Level 1:colcon.colcon_core.environment:checking '/home/fatma/VAUV/Software/vortex_ws/install/sensors/bin'
[2.527s] Level 1:colcon.colcon_core.environment:checking '/home/fatma/VAUV/Software/vortex_ws/install/sensors/lib/pkgconfig/sensors.pc'
[2.527s] Level 1:colcon.colcon_core.environment:checking '/home/fatma/VAUV/Software/vortex_ws/install/sensors/lib/python3.6/site-packages'
[2.528s] INFO:colcon.colcon_core.shell:Creating package script '/home/fatma/VAUV/Software/vortex_ws/install/sensors/share/sensors/package.ps1'
[2.529s] INFO:colcon.colcon_core.shell:Creating package descriptor '/home/fatma/VAUV/Software/vortex_ws/install/sensors/share/sensors/package.dsv'
[2.529s] INFO:colcon.colcon_core.shell:Creating package script '/home/fatma/VAUV/Software/vortex_ws/install/sensors/share/sensors/package.sh'
[2.530s] INFO:colcon.colcon_core.shell:Creating package script '/home/fatma/VAUV/Software/vortex_ws/install/sensors/share/sensors/package.bash'
[2.530s] INFO:colcon.colcon_core.shell:Creating package script '/home/fatma/VAUV/Software/vortex_ws/install/sensors/share/sensors/package.zsh'
[2.531s] Level 1:colcon.colcon_core.environment:create_file_with_runtime_dependencies(/home/fatma/VAUV/Software/vortex_ws/install/sensors/share/colcon-core/packages/sensors)
[2.550s] Level 1:colcon.colcon_core.environment:create_environment_scripts_only(sensors)
[2.552s] Level 1:colcon.colcon_core.environment:checking '/home/fatma/VAUV/Software/vortex_ws/install/sensors' for CMake module files
[2.553s] Level 1:colcon.colcon_core.environment:checking '/home/fatma/VAUV/Software/vortex_ws/install/sensors' for CMake config files
[2.553s] Level 1:colcon.colcon_core.shell:create_environment_hook('sensors', 'cmake_prefix_path')
[2.554s] INFO:colcon.colcon_core.shell:Creating environment hook '/home/fatma/VAUV/Software/vortex_ws/install/sensors/share/sensors/hook/cmake_prefix_path.ps1'
[2.555s] INFO:colcon.colcon_core.shell:Creating environment descriptor '/home/fatma/VAUV/Software/vortex_ws/install/sensors/share/sensors/hook/cmake_prefix_path.dsv'
[2.555s] INFO:colcon.colcon_core.shell:Creating environment hook '/home/fatma/VAUV/Software/vortex_ws/install/sensors/share/sensors/hook/cmake_prefix_path.sh'
[2.557s] Level 1:colcon.colcon_core.environment:checking '/home/fatma/VAUV/Software/vortex_ws/install/sensors/bin'
[2.557s] Level 1:colcon.colcon_core.environment:checking '/home/fatma/VAUV/Software/vortex_ws/install/sensors/lib/pkgconfig/sensors.pc'
[2.557s] Level 1:colcon.colcon_core.environment:checking '/home/fatma/VAUV/Software/vortex_ws/install/sensors/lib/python3.6/site-packages'
[2.558s] INFO:colcon.colcon_core.shell:Creating package script '/home/fatma/VAUV/Software/vortex_ws/install/sensors/share/sensors/package.ps1'
[2.559s] INFO:colcon.colcon_core.shell:Creating package descriptor '/home/fatma/VAUV/Software/vortex_ws/install/sensors/share/sensors/package.dsv'
[2.560s] INFO:colcon.colcon_core.shell:Creating package script '/home/fatma/VAUV/Software/vortex_ws/install/sensors/share/sensors/package.sh'
[2.561s] INFO:colcon.colcon_core.shell:Creating package script '/home/fatma/VAUV/Software/vortex_ws/install/sensors/share/sensors/package.bash'
[2.562s] INFO:colcon.colcon_core.shell:Creating package script '/home/fatma/VAUV/Software/vortex_ws/install/sensors/share/sensors/package.zsh'
[2.562s] Level 1:colcon.colcon_core.environment:create_file_with_runtime_dependencies(/home/fatma/VAUV/Software/vortex_ws/install/sensors/share/colcon-core/packages/sensors)
[2.563s] DEBUG:colcon.colcon_parallel_executor.executor.parallel:closing loop
[2.565s] DEBUG:colcon.colcon_parallel_executor.executor.parallel:loop closed
[2.565s] DEBUG:colcon.colcon_parallel_executor.executor.parallel:run_until_complete finished with '0'
[2.565s] DEBUG:colcon.colcon_core.event_reactor:joining thread
[2.592s] INFO:colcon.colcon_core.plugin_system:Skipping extension 'colcon_notification.desktop_notification.terminal_notifier': Not used on non-Darwin systems
[2.592s] INFO:colcon.colcon_core.plugin_system:Skipping extension 'colcon_notification.desktop_notification.win32': Not used on non-Windows systems
[2.592s] INFO:colcon.colcon_notification.desktop_notification:Sending desktop notification using 'notify2'
[2.596s] DEBUG:colcon.colcon_core.event_reactor:joined thread
[2.597s] INFO:colcon.colcon_core.shell:Creating prefix script '/home/fatma/VAUV/Software/vortex_ws/install/local_setup.ps1'
[2.599s] INFO:colcon.colcon_core.shell:Creating prefix util module '/home/fatma/VAUV/Software/vortex_ws/install/_local_setup_util_ps1.py'
[2.601s] INFO:colcon.colcon_core.shell:Creating prefix chain script '/home/fatma/VAUV/Software/vortex_ws/install/setup.ps1'
[2.605s] INFO:colcon.colcon_core.shell:Creating prefix script '/home/fatma/VAUV/Software/vortex_ws/install/local_setup.sh'
[2.606s] INFO:colcon.colcon_core.shell:Creating prefix util module '/home/fatma/VAUV/Software/vortex_ws/install/_local_setup_util_sh.py'
[2.607s] INFO:colcon.colcon_core.shell:Creating prefix chain script '/home/fatma/VAUV/Software/vortex_ws/install/setup.sh'
[2.610s] INFO:colcon.colcon_core.shell:Creating prefix script '/home/fatma/VAUV/Software/vortex_ws/install/local_setup.bash'
[2.611s] INFO:colcon.colcon_core.shell:Creating prefix chain script '/home/fatma/VAUV/Software/vortex_ws/install/setup.bash'
[2.615s] INFO:colcon.colcon_core.shell:Creating prefix script '/home/fatma/VAUV/Software/vortex_ws/install/local_setup.zsh'
[2.616s] INFO:colcon.colcon_core.shell:Creating prefix chain script '/home/fatma/VAUV/Software/vortex_ws/install/setup.zsh'
