-- Found ament_cmake: 0.8.2 (/opt/ros/eloquent/share/ament_cmake/cmake)
-- Using PYTHON_EXECUTABLE: /usr/bin/python3
-- Found ament_lint_auto: 0.8.1 (/opt/ros/eloquent/share/ament_lint_auto/cmake)
-- Added test 'lint_cmake' to check CMake code style
-- Added test 'xmllint' to check XML markup files
-- Configuring done
-- Generating done
-- Build files have been written to: /home/fatma/VAUV/Software/vortex_ws/build/health_monitor
[36mInstall the project...[0m
-- Install configuration: ""
-- Up-to-date: /home/fatma/VAUV/Software/vortex_ws/install/health_monitor/share/ament_index/resource_index/package_run_dependencies/health_monitor
-- Up-to-date: /home/fatma/VAUV/Software/vortex_ws/install/health_monitor/share/ament_index/resource_index/parent_prefix_path/health_monitor
-- Up-to-date: /home/fatma/VAUV/Software/vortex_ws/install/health_monitor/share/health_monitor/environment/ament_prefix_path.sh
-- Installing: /home/fatma/VAUV/Software/vortex_ws/install/health_monitor/share/health_monitor/environment/ament_prefix_path.dsv
-- Up-to-date: /home/fatma/VAUV/Software/vortex_ws/install/health_monitor/share/health_monitor/environment/path.sh
-- Installing: /home/fatma/VAUV/Software/vortex_ws/install/health_monitor/share/health_monitor/environment/path.dsv
-- Up-to-date: /home/fatma/VAUV/Software/vortex_ws/install/health_monitor/share/health_monitor/local_setup.bash
-- Up-to-date: /home/fatma/VAUV/Software/vortex_ws/install/health_monitor/share/health_monitor/local_setup.sh
-- Up-to-date: /home/fatma/VAUV/Software/vortex_ws/install/health_monitor/share/health_monitor/local_setup.zsh
-- Installing: /home/fatma/VAUV/Software/vortex_ws/install/health_monitor/share/health_monitor/local_setup.dsv
-- Installing: /home/fatma/VAUV/Software/vortex_ws/install/health_monitor/share/health_monitor/package.dsv
-- Up-to-date: /home/fatma/VAUV/Software/vortex_ws/install/health_monitor/share/ament_index/resource_index/packages/health_monitor
-- Up-to-date: /home/fatma/VAUV/Software/vortex_ws/install/health_monitor/share/health_monitor/cmake/health_monitorConfig.cmake
-- Up-to-date: /home/fatma/VAUV/Software/vortex_ws/install/health_monitor/share/health_monitor/cmake/health_monitorConfig-version.cmake
-- Installing: /home/fatma/VAUV/Software/vortex_ws/install/health_monitor/share/health_monitor/package.xml
