-- Found ament_cmake: 0.8.2 (/opt/ros/eloquent/share/ament_cmake/cmake)
-- Using PYTHON_EXECUTABLE: /usr/bin/python3
-- Found ament_lint_auto: 0.8.1 (/opt/ros/eloquent/share/ament_lint_auto/cmake)
-- Added test 'lint_cmake' to check CMake code style
-- Added test 'xmllint' to check XML markup files
-- Configuring done
-- Generating done
-- Build files have been written to: /home/fatma/VAUV/Software/vortex_ws/build/sensors
[36mInstall the project...[0m
-- Install configuration: ""
-- Up-to-date: /home/fatma/VAUV/Software/vortex_ws/install/sensors/share/ament_index/resource_index/package_run_dependencies/sensors
-- Up-to-date: /home/fatma/VAUV/Software/vortex_ws/install/sensors/share/ament_index/resource_index/parent_prefix_path/sensors
-- Up-to-date: /home/fatma/VAUV/Software/vortex_ws/install/sensors/share/sensors/environment/ament_prefix_path.sh
-- Installing: /home/fatma/VAUV/Software/vortex_ws/install/sensors/share/sensors/environment/ament_prefix_path.dsv
-- Up-to-date: /home/fatma/VAUV/Software/vortex_ws/install/sensors/share/sensors/environment/path.sh
-- Installing: /home/fatma/VAUV/Software/vortex_ws/install/sensors/share/sensors/environment/path.dsv
-- Up-to-date: /home/fatma/VAUV/Software/vortex_ws/install/sensors/share/sensors/local_setup.bash
-- Up-to-date: /home/fatma/VAUV/Software/vortex_ws/install/sensors/share/sensors/local_setup.sh
-- Up-to-date: /home/fatma/VAUV/Software/vortex_ws/install/sensors/share/sensors/local_setup.zsh
-- Installing: /home/fatma/VAUV/Software/vortex_ws/install/sensors/share/sensors/local_setup.dsv
-- Installing: /home/fatma/VAUV/Software/vortex_ws/install/sensors/share/sensors/package.dsv
-- Up-to-date: /home/fatma/VAUV/Software/vortex_ws/install/sensors/share/ament_index/resource_index/packages/sensors
-- Up-to-date: /home/fatma/VAUV/Software/vortex_ws/install/sensors/share/sensors/cmake/sensorsConfig.cmake
-- Up-to-date: /home/fatma/VAUV/Software/vortex_ws/install/sensors/share/sensors/cmake/sensorsConfig-version.cmake
-- Installing: /home/fatma/VAUV/Software/vortex_ws/install/sensors/share/sensors/package.xml
