[0.033s] Invoking command in '/home/fatma/VAUV/Software/vortex_ws/build/sensors': CMAKE_PREFIX_PATH=/opt/ros/eloquent /usr/local/bin/cmake --build /home/fatma/VAUV/Software/vortex_ws/build/sensors -- -j4 -l4
[0.090s] -- Found ament_cmake: 0.8.2 (/opt/ros/eloquent/share/ament_cmake/cmake)
[0.142s] -- Using PYTHON_EXECUTABLE: /usr/bin/python3
[0.648s] -- Found ament_lint_auto: 0.8.1 (/opt/ros/eloquent/share/ament_lint_auto/cmake)
[0.911s] -- Added test 'lint_cmake' to check CMake code style
[0.921s] -- Added test 'xmllint' to check XML markup files
[0.928s] -- Configuring done
[0.938s] -- Generating done
[0.941s] -- Build files have been written to: /home/fatma/VAUV/Software/vortex_ws/build/sensors
[0.955s] Invoked command in '/home/fatma/VAUV/Software/vortex_ws/build/sensors' returned '0': CMAKE_PREFIX_PATH=/opt/ros/eloquent /usr/local/bin/cmake --build /home/fatma/VAUV/Software/vortex_ws/build/sensors -- -j4 -l4
[0.982s] Invoking command in '/home/fatma/VAUV/Software/vortex_ws/build/sensors': CMAKE_PREFIX_PATH=/opt/ros/eloquent /usr/local/bin/cmake --build /home/fatma/VAUV/Software/vortex_ws/build/sensors --target install -- -j4 -l4
[1.011s] [36mInstall the project...[0m
[1.015s] -- Install configuration: ""
[1.016s] -- Up-to-date: /home/fatma/VAUV/Software/vortex_ws/install/sensors/share/ament_index/resource_index/package_run_dependencies/sensors
[1.017s] -- Up-to-date: /home/fatma/VAUV/Software/vortex_ws/install/sensors/share/ament_index/resource_index/parent_prefix_path/sensors
[1.017s] -- Up-to-date: /home/fatma/VAUV/Software/vortex_ws/install/sensors/share/sensors/environment/ament_prefix_path.sh
[1.018s] -- Installing: /home/fatma/VAUV/Software/vortex_ws/install/sensors/share/sensors/environment/ament_prefix_path.dsv
[1.019s] -- Up-to-date: /home/fatma/VAUV/Software/vortex_ws/install/sensors/share/sensors/environment/path.sh
[1.020s] -- Installing: /home/fatma/VAUV/Software/vortex_ws/install/sensors/share/sensors/environment/path.dsv
[1.020s] -- Up-to-date: /home/fatma/VAUV/Software/vortex_ws/install/sensors/share/sensors/local_setup.bash
[1.021s] -- Up-to-date: /home/fatma/VAUV/Software/vortex_ws/install/sensors/share/sensors/local_setup.sh
[1.022s] -- Up-to-date: /home/fatma/VAUV/Software/vortex_ws/install/sensors/share/sensors/local_setup.zsh
[1.022s] -- Installing: /home/fatma/VAUV/Software/vortex_ws/install/sensors/share/sensors/local_setup.dsv
[1.022s] -- Installing: /home/fatma/VAUV/Software/vortex_ws/install/sensors/share/sensors/package.dsv
[1.023s] -- Up-to-date: /home/fatma/VAUV/Software/vortex_ws/install/sensors/share/ament_index/resource_index/packages/sensors
[1.023s] -- Up-to-date: /home/fatma/VAUV/Software/vortex_ws/install/sensors/share/sensors/cmake/sensorsConfig.cmake
[1.023s] -- Up-to-date: /home/fatma/VAUV/Software/vortex_ws/install/sensors/share/sensors/cmake/sensorsConfig-version.cmake
[1.023s] -- Installing: /home/fatma/VAUV/Software/vortex_ws/install/sensors/share/sensors/package.xml
[1.051s] Invoked command in '/home/fatma/VAUV/Software/vortex_ws/build/sensors' returned '0': CMAKE_PREFIX_PATH=/opt/ros/eloquent /usr/local/bin/cmake --build /home/fatma/VAUV/Software/vortex_ws/build/sensors --target install -- -j4 -l4
