[0.031s] Invoking command in '/home/fatma/VAUV/Software/vortex_ws/build/health_monitor': CMAKE_PREFIX_PATH=/opt/ros/eloquent /usr/local/bin/cmake /home/fatma/VAUV/Software/vortex_ws/src/health_monitor -DCMAKE_INSTALL_PREFIX=/home/fatma/VAUV/Software/vortex_ws/install/health_monitor
[0.189s] -- The C compiler identification is GNU 7.5.0
[0.322s] -- The CXX compiler identification is GNU 7.5.0
[0.348s] -- Check for working C compiler: /usr/bin/cc
[0.429s] -- Check for working C compiler: /usr/bin/cc -- works
[0.434s] -- Detecting C compiler ABI info
[0.518s] -- Detecting C compiler ABI info - done
[0.603s] -- Detecting C compile features
[0.870s] -- Detecting C compile features - done
[0.885s] -- Check for working CXX compiler: /usr/bin/c++
[0.985s] -- Check for working CXX compiler: /usr/bin/c++ -- works
[0.992s] -- Detecting CXX compiler ABI info
[1.090s] -- Detecting CXX compiler ABI info - done
[1.177s] -- Detecting CXX compile features
[1.670s] -- Detecting CXX compile features - done
[1.676s] -- Found ament_cmake: 0.8.2 (/opt/ros/eloquent/share/ament_cmake/cmake)
[1.723s] -- Found PythonInterp: /usr/bin/python3 (found suitable version "3.6.9", minimum required is "3") 
[1.724s] -- Using PYTHON_EXECUTABLE: /usr/bin/python3
[2.024s] -- Found ament_lint_auto: 0.8.1 (/opt/ros/eloquent/share/ament_lint_auto/cmake)
[2.161s] -- Added test 'lint_cmake' to check CMake code style
[2.164s] -- Added test 'xmllint' to check XML markup files
[2.171s] -- Configuring done
[2.177s] -- Generating done
[2.180s] -- Build files have been written to: /home/fatma/VAUV/Software/vortex_ws/build/health_monitor
[2.186s] Invoked command in '/home/fatma/VAUV/Software/vortex_ws/build/health_monitor' returned '0': CMAKE_PREFIX_PATH=/opt/ros/eloquent /usr/local/bin/cmake /home/fatma/VAUV/Software/vortex_ws/src/health_monitor -DCMAKE_INSTALL_PREFIX=/home/fatma/VAUV/Software/vortex_ws/install/health_monitor
[2.188s] Invoking command in '/home/fatma/VAUV/Software/vortex_ws/build/health_monitor': CMAKE_PREFIX_PATH=/opt/ros/eloquent /usr/local/bin/cmake --build /home/fatma/VAUV/Software/vortex_ws/build/health_monitor -- -j4 -l4
[2.216s] Invoked command in '/home/fatma/VAUV/Software/vortex_ws/build/health_monitor' returned '0': CMAKE_PREFIX_PATH=/opt/ros/eloquent /usr/local/bin/cmake --build /home/fatma/VAUV/Software/vortex_ws/build/health_monitor -- -j4 -l4
[2.241s] Invoking command in '/home/fatma/VAUV/Software/vortex_ws/build/health_monitor': CMAKE_PREFIX_PATH=/opt/ros/eloquent /usr/local/bin/cmake --build /home/fatma/VAUV/Software/vortex_ws/build/health_monitor --target install -- -j4 -l4
[2.272s] [36mInstall the project...[0m
[2.277s] -- Install configuration: ""
[2.277s] -- Installing: /home/fatma/VAUV/Software/vortex_ws/install/health_monitor/share/ament_index/resource_index/package_run_dependencies/health_monitor
[2.278s] -- Installing: /home/fatma/VAUV/Software/vortex_ws/install/health_monitor/share/ament_index/resource_index/parent_prefix_path/health_monitor
[2.279s] -- Installing: /home/fatma/VAUV/Software/vortex_ws/install/health_monitor/share/health_monitor/environment/ament_prefix_path.sh
[2.279s] -- Installing: /home/fatma/VAUV/Software/vortex_ws/install/health_monitor/share/health_monitor/environment/ament_prefix_path.dsv
[2.280s] -- Installing: /home/fatma/VAUV/Software/vortex_ws/install/health_monitor/share/health_monitor/environment/path.sh
[2.280s] -- Installing: /home/fatma/VAUV/Software/vortex_ws/install/health_monitor/share/health_monitor/environment/path.dsv
[2.281s] -- Installing: /home/fatma/VAUV/Software/vortex_ws/install/health_monitor/share/health_monitor/local_setup.bash
[2.281s] -- Installing: /home/fatma/VAUV/Software/vortex_ws/install/health_monitor/share/health_monitor/local_setup.sh
[2.282s] -- Installing: /home/fatma/VAUV/Software/vortex_ws/install/health_monitor/share/health_monitor/local_setup.zsh
[2.282s] -- Installing: /home/fatma/VAUV/Software/vortex_ws/install/health_monitor/share/health_monitor/local_setup.dsv
[2.283s] -- Installing: /home/fatma/VAUV/Software/vortex_ws/install/health_monitor/share/health_monitor/package.dsv
[2.283s] -- Installing: /home/fatma/VAUV/Software/vortex_ws/install/health_monitor/share/ament_index/resource_index/packages/health_monitor
[2.283s] -- Installing: /home/fatma/VAUV/Software/vortex_ws/install/health_monitor/share/health_monitor/cmake/health_monitorConfig.cmake
[2.284s] -- Installing: /home/fatma/VAUV/Software/vortex_ws/install/health_monitor/share/health_monitor/cmake/health_monitorConfig-version.cmake
[2.284s] -- Installing: /home/fatma/VAUV/Software/vortex_ws/install/health_monitor/share/health_monitor/package.xml
[2.287s] Invoked command in '/home/fatma/VAUV/Software/vortex_ws/build/health_monitor' returned '0': CMAKE_PREFIX_PATH=/opt/ros/eloquent /usr/local/bin/cmake --build /home/fatma/VAUV/Software/vortex_ws/build/health_monitor --target install -- -j4 -l4
