-- Found ament_cmake: 0.8.2 (/opt/ros/eloquent/share/ament_cmake/cmake)
-- Using PYTHON_EXECUTABLE: /usr/bin/python3
-- Found ament_lint_auto: 0.8.1 (/opt/ros/eloquent/share/ament_lint_auto/cmake)
-- Added test 'lint_cmake' to check CMake code style
-- Added test 'xmllint' to check XML markup files
-- Configuring done
-- Generating done
-- Build files have been written to: /home/fatma/VAUV/Software/vortex_ws/build/vision
[36mInstall the project...[0m
-- Install configuration: ""
-- Up-to-date: /home/fatma/VAUV/Software/vortex_ws/install/vision/share/ament_index/resource_index/package_run_dependencies/vision
-- Up-to-date: /home/fatma/VAUV/Software/vortex_ws/install/vision/share/ament_index/resource_index/parent_prefix_path/vision
-- Up-to-date: /home/fatma/VAUV/Software/vortex_ws/install/vision/share/vision/environment/ament_prefix_path.sh
-- Installing: /home/fatma/VAUV/Software/vortex_ws/install/vision/share/vision/environment/ament_prefix_path.dsv
-- Up-to-date: /home/fatma/VAUV/Software/vortex_ws/install/vision/share/vision/environment/path.sh
-- Installing: /home/fatma/VAUV/Software/vortex_ws/install/vision/share/vision/environment/path.dsv
-- Up-to-date: /home/fatma/VAUV/Software/vortex_ws/install/vision/share/vision/local_setup.bash
-- Up-to-date: /home/fatma/VAUV/Software/vortex_ws/install/vision/share/vision/local_setup.sh
-- Up-to-date: /home/fatma/VAUV/Software/vortex_ws/install/vision/share/vision/local_setup.zsh
-- Installing: /home/fatma/VAUV/Software/vortex_ws/install/vision/share/vision/local_setup.dsv
-- Installing: /home/fatma/VAUV/Software/vortex_ws/install/vision/share/vision/package.dsv
-- Up-to-date: /home/fatma/VAUV/Software/vortex_ws/install/vision/share/ament_index/resource_index/packages/vision
-- Up-to-date: /home/fatma/VAUV/Software/vortex_ws/install/vision/share/vision/cmake/visionConfig.cmake
-- Up-to-date: /home/fatma/VAUV/Software/vortex_ws/install/vision/share/vision/cmake/visionConfig-version.cmake
-- Installing: /home/fatma/VAUV/Software/vortex_ws/install/vision/share/vision/package.xml
