[0.036s] Invoking command in '/home/fatma/VAUV/Software/vortex_ws/build/vision': CMAKE_PREFIX_PATH=/opt/ros/eloquent /usr/local/bin/cmake --build /home/fatma/VAUV/Software/vortex_ws/build/vision -- -j4 -l4
[0.070s] Invoked command in '/home/fatma/VAUV/Software/vortex_ws/build/vision' returned '0': CMAKE_PREFIX_PATH=/opt/ros/eloquent /usr/local/bin/cmake --build /home/fatma/VAUV/Software/vortex_ws/build/vision -- -j4 -l4
[0.113s] Invoking command in '/home/fatma/VAUV/Software/vortex_ws/build/vision': CMAKE_PREFIX_PATH=/opt/ros/eloquent /usr/local/bin/cmake --build /home/fatma/VAUV/Software/vortex_ws/build/vision --target install -- -j4 -l4
[0.148s] [36mInstall the project...[0m
[0.158s] -- Install configuration: ""
[0.159s] -- Up-to-date: /home/fatma/VAUV/Software/vortex_ws/install/vision/share/ament_index/resource_index/package_run_dependencies/vision
[0.160s] -- Up-to-date: /home/fatma/VAUV/Software/vortex_ws/install/vision/share/ament_index/resource_index/parent_prefix_path/vision
[0.160s] -- Up-to-date: /home/fatma/VAUV/Software/vortex_ws/install/vision/share/vision/environment/ament_prefix_path.sh
[0.161s] -- Up-to-date: /home/fatma/VAUV/Software/vortex_ws/install/vision/share/vision/environment/ament_prefix_path.dsv
[0.161s] -- Up-to-date: /home/fatma/VAUV/Software/vortex_ws/install/vision/share/vision/environment/path.sh
[0.162s] -- Up-to-date: /home/fatma/VAUV/Software/vortex_ws/install/vision/share/vision/environment/path.dsv
[0.162s] -- Up-to-date: /home/fatma/VAUV/Software/vortex_ws/install/vision/share/vision/local_setup.bash
[0.162s] -- Up-to-date: /home/fatma/VAUV/Software/vortex_ws/install/vision/share/vision/local_setup.sh
[0.163s] -- Up-to-date: /home/fatma/VAUV/Software/vortex_ws/install/vision/share/vision/local_setup.zsh
[0.165s] -- Up-to-date: /home/fatma/VAUV/Software/vortex_ws/install/vision/share/vision/local_setup.dsv
[0.165s] -- Installing: /home/fatma/VAUV/Software/vortex_ws/install/vision/share/vision/package.dsv
[0.165s] -- Up-to-date: /home/fatma/VAUV/Software/vortex_ws/install/vision/share/ament_index/resource_index/packages/vision
[0.165s] -- Up-to-date: /home/fatma/VAUV/Software/vortex_ws/install/vision/share/vision/cmake/visionConfig.cmake
[0.165s] -- Up-to-date: /home/fatma/VAUV/Software/vortex_ws/install/vision/share/vision/cmake/visionConfig-version.cmake
[0.166s] -- Up-to-date: /home/fatma/VAUV/Software/vortex_ws/install/vision/share/vision/package.xml
[0.209s] Invoked command in '/home/fatma/VAUV/Software/vortex_ws/build/vision' returned '0': CMAKE_PREFIX_PATH=/opt/ros/eloquent /usr/local/bin/cmake --build /home/fatma/VAUV/Software/vortex_ws/build/vision --target install -- -j4 -l4
