[0.041s] Invoking command in '/home/fatma/VAUV/Software/vortex_ws/build/sensors': CMAKE_PREFIX_PATH=/opt/ros/eloquent /usr/local/bin/cmake --build /home/fatma/VAUV/Software/vortex_ws/build/sensors -- -j4 -l4
[0.078s] Invoked command in '/home/fatma/VAUV/Software/vortex_ws/build/sensors' returned '0': CMAKE_PREFIX_PATH=/opt/ros/eloquent /usr/local/bin/cmake --build /home/fatma/VAUV/Software/vortex_ws/build/sensors -- -j4 -l4
[0.121s] Invoking command in '/home/fatma/VAUV/Software/vortex_ws/build/sensors': CMAKE_PREFIX_PATH=/opt/ros/eloquent /usr/local/bin/cmake --build /home/fatma/VAUV/Software/vortex_ws/build/sensors --target install -- -j4 -l4
[0.159s] [36mInstall the project...[0m
[0.168s] -- Install configuration: ""
[0.169s] -- Up-to-date: /home/fatma/VAUV/Software/vortex_ws/install/sensors/share/ament_index/resource_index/package_run_dependencies/sensors
[0.169s] -- Up-to-date: /home/fatma/VAUV/Software/vortex_ws/install/sensors/share/ament_index/resource_index/parent_prefix_path/sensors
[0.170s] -- Up-to-date: /home/fatma/VAUV/Software/vortex_ws/install/sensors/share/sensors/environment/ament_prefix_path.sh
[0.170s] -- Up-to-date: /home/fatma/VAUV/Software/vortex_ws/install/sensors/share/sensors/environment/ament_prefix_path.dsv
[0.171s] -- Up-to-date: /home/fatma/VAUV/Software/vortex_ws/install/sensors/share/sensors/environment/path.sh
[0.172s] -- Up-to-date: /home/fatma/VAUV/Software/vortex_ws/install/sensors/share/sensors/environment/path.dsv
[0.173s] -- Up-to-date: /home/fatma/VAUV/Software/vortex_ws/install/sensors/share/sensors/local_setup.bash
[0.174s] -- Up-to-date: /home/fatma/VAUV/Software/vortex_ws/install/sensors/share/sensors/local_setup.sh
[0.174s] -- Up-to-date: /home/fatma/VAUV/Software/vortex_ws/install/sensors/share/sensors/local_setup.zsh
[0.175s] -- Up-to-date: /home/fatma/VAUV/Software/vortex_ws/install/sensors/share/sensors/local_setup.dsv
[0.175s] -- Installing: /home/fatma/VAUV/Software/vortex_ws/install/sensors/share/sensors/package.dsv
[0.175s] -- Up-to-date: /home/fatma/VAUV/Software/vortex_ws/install/sensors/share/ament_index/resource_index/packages/sensors
[0.176s] -- Up-to-date: /home/fatma/VAUV/Software/vortex_ws/install/sensors/share/sensors/cmake/sensorsConfig.cmake
[0.176s] -- Up-to-date: /home/fatma/VAUV/Software/vortex_ws/install/sensors/share/sensors/cmake/sensorsConfig-version.cmake
[0.178s] -- Up-to-date: /home/fatma/VAUV/Software/vortex_ws/install/sensors/share/sensors/package.xml
[0.202s] Invoked command in '/home/fatma/VAUV/Software/vortex_ws/build/sensors' returned '0': CMAKE_PREFIX_PATH=/opt/ros/eloquent /usr/local/bin/cmake --build /home/fatma/VAUV/Software/vortex_ws/build/sensors --target install -- -j4 -l4
