[0.683s] DEBUG:colcon:Command line arguments: ['/usr/bin/colcon', 'build']
[0.683s] DEBUG:colcon:Parsed command line arguments: Namespace(ament_cmake_args=None, base_paths=['.'], build_base='build', catkin_cmake_args=None, catkin_skip_building_tests=False, cmake_args=None, cmake_clean_cache=False, cmake_clean_first=False, cmake_force_configure=False, cmake_target=None, cmake_target_skip_unavailable=False, continue_on_error=False, event_handlers=None, executor='parallel', ignore_user_meta=False, install_base='install', log_base=None, log_level=None, main=<bound method BuildVerb.main of <colcon_core.verb.build.BuildVerb object at 0x7fa906c47128>>, merge_install=False, metas=['./colcon.meta'], packages_above=None, packages_above_and_dependencies=None, packages_above_depth=None, packages_end=None, packages_ignore=None, packages_ignore_regex=None, packages_select=None, packages_select_build_failed=False, packages_select_by_dep=None, packages_select_regex=None, packages_select_test_failures=False, packages_skip=None, packages_skip_build_finished=False, packages_skip_by_dep=None, packages_skip_regex=None, packages_skip_test_passed=False, packages_skip_up_to=None, packages_start=None, packages_up_to=None, packages_up_to_regex=None, parallel_workers=4, paths=None, symlink_install=False, test_result_base=None, verb_extension=<colcon_core.verb.build.BuildVerb object at 0x7fa906c47128>, verb_name='build', verb_parser=<colcon_defaults.argument_parser.defaults.DefaultArgumentsDecorator object at 0x7fa906c47470>)
[0.769s] Level 1:colcon.colcon_core.package_discovery:discover_packages(colcon_meta) check parameters
[0.769s] Level 1:colcon.colcon_core.package_discovery:discover_packages(recursive) check parameters
[0.769s] Level 1:colcon.colcon_core.package_discovery:discover_packages(ignore) check parameters
[0.769s] Level 1:colcon.colcon_core.package_discovery:discover_packages(path) check parameters
[0.769s] Level 1:colcon.colcon_core.package_discovery:discover_packages(colcon_meta) discover
[0.769s] Level 1:colcon.colcon_core.package_discovery:discover_packages(recursive) discover
[0.769s] INFO:colcon.colcon_core.package_discovery:Crawling recursively for packages in '/home/fatma/VAUV/Software/vortex_ws'
[0.769s] Level 1:colcon.colcon_core.package_identification:_identify(.) by extensions ['ignore', 'ignore_ament_install']
[0.770s] Level 1:colcon.colcon_core.package_identification:_identify(.) by extension 'ignore'
[0.770s] Level 1:colcon.colcon_core.package_identification:_identify(.) by extension 'ignore_ament_install'
[0.770s] Level 1:colcon.colcon_core.package_identification:_identify(.) by extensions ['colcon_pkg']
[0.770s] Level 1:colcon.colcon_core.package_identification:_identify(.) by extension 'colcon_pkg'
[0.770s] Level 1:colcon.colcon_core.package_identification:_identify(.) by extensions ['colcon_meta']
[0.770s] Level 1:colcon.colcon_core.package_identification:_identify(.) by extension 'colcon_meta'
[0.770s] Level 1:colcon.colcon_core.package_identification:_identify(.) by extensions ['ros']
[0.770s] Level 1:colcon.colcon_core.package_identification:_identify(.) by extension 'ros'
[0.783s] Level 1:colcon.colcon_core.package_identification:_identify(.) by extensions ['cmake', 'python']
[0.783s] Level 1:colcon.colcon_core.package_identification:_identify(.) by extension 'cmake'
[0.784s] Level 1:colcon.colcon_core.package_identification:_identify(.) by extension 'python'
[0.785s] Level 1:colcon.colcon_core.package_identification:_identify(.) by extensions ['python_setup_py']
[0.785s] Level 1:colcon.colcon_core.package_identification:_identify(.) by extension 'python_setup_py'
[0.785s] Level 1:colcon.colcon_core.package_identification:_identify(build) by extensions ['ignore', 'ignore_ament_install']
[0.785s] Level 1:colcon.colcon_core.package_identification:_identify(build) by extension 'ignore'
[0.785s] Level 1:colcon.colcon_core.package_identification:_identify(build) ignored
[0.785s] Level 1:colcon.colcon_core.package_identification:_identify(install) by extensions ['ignore', 'ignore_ament_install']
[0.786s] Level 1:colcon.colcon_core.package_identification:_identify(install) by extension 'ignore'
[0.786s] Level 1:colcon.colcon_core.package_identification:_identify(install) ignored
[0.786s] Level 1:colcon.colcon_core.package_identification:_identify(log) by extensions ['ignore', 'ignore_ament_install']
[0.786s] Level 1:colcon.colcon_core.package_identification:_identify(log) by extension 'ignore'
[0.786s] Level 1:colcon.colcon_core.package_identification:_identify(log) ignored
[0.786s] Level 1:colcon.colcon_core.package_identification:_identify(src) by extensions ['ignore', 'ignore_ament_install']
[0.786s] Level 1:colcon.colcon_core.package_identification:_identify(src) by extension 'ignore'
[0.786s] Level 1:colcon.colcon_core.package_identification:_identify(src) by extension 'ignore_ament_install'
[0.786s] Level 1:colcon.colcon_core.package_identification:_identify(src) by extensions ['colcon_pkg']
[0.786s] Level 1:colcon.colcon_core.package_identification:_identify(src) by extension 'colcon_pkg'
[0.786s] Level 1:colcon.colcon_core.package_identification:_identify(src) by extensions ['colcon_meta']
[0.787s] Level 1:colcon.colcon_core.package_identification:_identify(src) by extension 'colcon_meta'
[0.787s] Level 1:colcon.colcon_core.package_identification:_identify(src) by extensions ['ros']
[0.787s] Level 1:colcon.colcon_core.package_identification:_identify(src) by extension 'ros'
[0.787s] Level 1:colcon.colcon_core.package_identification:_identify(src) by extensions ['cmake', 'python']
[0.787s] Level 1:colcon.colcon_core.package_identification:_identify(src) by extension 'cmake'
[0.787s] Level 1:colcon.colcon_core.package_identification:_identify(src) by extension 'python'
[0.787s] Level 1:colcon.colcon_core.package_identification:_identify(src) by extensions ['python_setup_py']
[0.787s] Level 1:colcon.colcon_core.package_identification:_identify(src) by extension 'python_setup_py'
[0.787s] Level 1:colcon.colcon_core.package_identification:_identify(src/vision) by extensions ['ignore', 'ignore_ament_install']
[0.787s] Level 1:colcon.colcon_core.package_identification:_identify(src/vision) by extension 'ignore'
[0.787s] Level 1:colcon.colcon_core.package_identification:_identify(src/vision) by extension 'ignore_ament_install'
[0.787s] Level 1:colcon.colcon_core.package_identification:_identify(src/vision) by extensions ['colcon_pkg']
[0.787s] Level 1:colcon.colcon_core.package_identification:_identify(src/vision) by extension 'colcon_pkg'
[0.787s] Level 1:colcon.colcon_core.package_identification:_identify(src/vision) by extensions ['colcon_meta']
[0.788s] Level 1:colcon.colcon_core.package_identification:_identify(src/vision) by extension 'colcon_meta'
[0.788s] Level 1:colcon.colcon_core.package_identification:_identify(src/vision) by extensions ['ros']
[0.788s] Level 1:colcon.colcon_core.package_identification:_identify(src/vision) by extension 'ros'
[0.827s] DEBUG:colcon.colcon_core.package_identification:Package 'src/vision' with type 'ros.ament_cmake' and name 'vision'
[0.827s] Level 1:colcon.colcon_core.package_discovery:discover_packages(recursive) using defaults
[0.827s] Level 1:colcon.colcon_core.package_discovery:discover_packages(ignore) discover
[0.827s] Level 1:colcon.colcon_core.package_discovery:discover_packages(ignore) using defaults
[0.827s] Level 1:colcon.colcon_core.package_discovery:discover_packages(path) discover
[0.827s] Level 1:colcon.colcon_core.package_discovery:discover_packages(path) using defaults
[0.985s] Level 5:colcon.colcon_core.verb:set package 'vision' build argument 'cmake_args' from command line to 'None'
[0.985s] Level 5:colcon.colcon_core.verb:set package 'vision' build argument 'cmake_target' from command line to 'None'
[0.985s] Level 5:colcon.colcon_core.verb:set package 'vision' build argument 'cmake_target_skip_unavailable' from command line to 'False'
[0.985s] Level 5:colcon.colcon_core.verb:set package 'vision' build argument 'cmake_clean_cache' from command line to 'False'
[0.985s] Level 5:colcon.colcon_core.verb:set package 'vision' build argument 'cmake_clean_first' from command line to 'False'
[0.985s] Level 5:colcon.colcon_core.verb:set package 'vision' build argument 'cmake_force_configure' from command line to 'False'
[0.985s] Level 5:colcon.colcon_core.verb:set package 'vision' build argument 'ament_cmake_args' from command line to 'None'
[0.985s] Level 5:colcon.colcon_core.verb:set package 'vision' build argument 'catkin_cmake_args' from command line to 'None'
[0.985s] Level 5:colcon.colcon_core.verb:set package 'vision' build argument 'catkin_skip_building_tests' from command line to 'False'
[0.985s] DEBUG:colcon.colcon_core.verb:Building package 'vision' with the following arguments: {'ament_cmake_args': None, 'build_base': '/home/fatma/VAUV/Software/vortex_ws/build/vision', 'catkin_cmake_args': None, 'catkin_skip_building_tests': False, 'cmake_args': None, 'cmake_clean_cache': False, 'cmake_clean_first': False, 'cmake_force_configure': False, 'cmake_target': None, 'cmake_target_skip_unavailable': False, 'install_base': '/home/fatma/VAUV/Software/vortex_ws/install/vision', 'merge_install': False, 'path': '/home/fatma/VAUV/Software/vortex_ws/src/vision', 'symlink_install': False, 'test_result_base': None}
[0.986s] INFO:colcon.colcon_core.executor:Executing jobs using 'parallel' executor
[0.988s] DEBUG:colcon.colcon_parallel_executor.executor.parallel:run_until_complete
[0.989s] INFO:colcon.colcon_ros.task.ament_cmake.build:Building ROS package in '/home/fatma/VAUV/Software/vortex_ws/src/vision' with build type 'ament_cmake'
[0.989s] INFO:colcon.colcon_cmake.task.cmake.build:Building CMake package in '/home/fatma/VAUV/Software/vortex_ws/src/vision'
[1.014s] INFO:colcon.colcon_core.plugin_system:Skipping extension 'colcon_core.shell.bat': Not used on non-Windows systems
[1.015s] INFO:colcon.colcon_core.shell:Skip shell extension 'powershell' for command environment: Not usable outside of PowerShell
[1.015s] DEBUG:colcon.colcon_core.shell:Skip shell extension 'dsv' for command environment
[1.039s] DEBUG:colcon.colcon_core.shell:Ignoring prefix path '/opt/ros/eloquent'
[1.054s] DEBUG:colcon.colcon_core.event_handler.log_command:Invoking command in '/home/fatma/VAUV/Software/vortex_ws/build/vision': CMAKE_PREFIX_PATH=/opt/ros/eloquent /usr/local/bin/cmake /home/fatma/VAUV/Software/vortex_ws/src/vision -DCMAKE_INSTALL_PREFIX=/home/fatma/VAUV/Software/vortex_ws/install/vision
[7.842s] DEBUG:colcon.colcon_core.event_handler.log_command:Invoked command in '/home/fatma/VAUV/Software/vortex_ws/build/vision' returned '0': CMAKE_PREFIX_PATH=/opt/ros/eloquent /usr/local/bin/cmake /home/fatma/VAUV/Software/vortex_ws/src/vision -DCMAKE_INSTALL_PREFIX=/home/fatma/VAUV/Software/vortex_ws/install/vision
[7.845s] DEBUG:colcon.colcon_core.event_handler.log_command:Invoking command in '/home/fatma/VAUV/Software/vortex_ws/build/vision': CMAKE_PREFIX_PATH=/opt/ros/eloquent /usr/local/bin/cmake --build /home/fatma/VAUV/Software/vortex_ws/build/vision -- -j4 -l4
[7.871s] DEBUG:colcon.colcon_core.event_handler.log_command:Invoked command in '/home/fatma/VAUV/Software/vortex_ws/build/vision' returned '0': CMAKE_PREFIX_PATH=/opt/ros/eloquent /usr/local/bin/cmake --build /home/fatma/VAUV/Software/vortex_ws/build/vision -- -j4 -l4
[7.903s] DEBUG:colcon.colcon_core.event_handler.log_command:Invoking command in '/home/fatma/VAUV/Software/vortex_ws/build/vision': CMAKE_PREFIX_PATH=/opt/ros/eloquent /usr/local/bin/cmake --build /home/fatma/VAUV/Software/vortex_ws/build/vision --target install -- -j4 -l4
[7.947s] Level 1:colcon.colcon_core.environment:create_environment_scripts_only(vision)
[7.949s] DEBUG:colcon.colcon_core.event_handler.log_command:Invoked command in '/home/fatma/VAUV/Software/vortex_ws/build/vision' returned '0': CMAKE_PREFIX_PATH=/opt/ros/eloquent /usr/local/bin/cmake --build /home/fatma/VAUV/Software/vortex_ws/build/vision --target install -- -j4 -l4
[8.032s] Level 1:colcon.colcon_core.environment:checking '/home/fatma/VAUV/Software/vortex_ws/install/vision' for CMake module files
[8.033s] Level 1:colcon.colcon_core.environment:checking '/home/fatma/VAUV/Software/vortex_ws/install/vision' for CMake config files
[8.033s] Level 1:colcon.colcon_core.shell:create_environment_hook('vision', 'cmake_prefix_path')
[8.034s] INFO:colcon.colcon_core.shell:Creating environment hook '/home/fatma/VAUV/Software/vortex_ws/install/vision/share/vision/hook/cmake_prefix_path.ps1'
[8.045s] INFO:colcon.colcon_core.shell:Creating environment descriptor '/home/fatma/VAUV/Software/vortex_ws/install/vision/share/vision/hook/cmake_prefix_path.dsv'
[8.058s] INFO:colcon.colcon_core.shell:Creating environment hook '/home/fatma/VAUV/Software/vortex_ws/install/vision/share/vision/hook/cmake_prefix_path.sh'
[8.065s] Level 1:colcon.colcon_core.environment:checking '/home/fatma/VAUV/Software/vortex_ws/install/vision/bin'
[8.066s] Level 1:colcon.colcon_core.environment:checking '/home/fatma/VAUV/Software/vortex_ws/install/vision/lib/pkgconfig/vision.pc'
[8.066s] Level 1:colcon.colcon_core.environment:checking '/home/fatma/VAUV/Software/vortex_ws/install/vision/lib/python3.6/site-packages'
[8.067s] INFO:colcon.colcon_core.shell:Creating package script '/home/fatma/VAUV/Software/vortex_ws/install/vision/share/vision/package.ps1'
[8.068s] INFO:colcon.colcon_core.shell:Creating package descriptor '/home/fatma/VAUV/Software/vortex_ws/install/vision/share/vision/package.dsv'
[8.069s] INFO:colcon.colcon_core.shell:Creating package script '/home/fatma/VAUV/Software/vortex_ws/install/vision/share/vision/package.sh'
[8.070s] INFO:colcon.colcon_core.shell:Creating package script '/home/fatma/VAUV/Software/vortex_ws/install/vision/share/vision/package.bash'
[8.093s] INFO:colcon.colcon_core.shell:Creating package script '/home/fatma/VAUV/Software/vortex_ws/install/vision/share/vision/package.zsh'
[8.114s] Level 1:colcon.colcon_core.environment:create_file_with_runtime_dependencies(/home/fatma/VAUV/Software/vortex_ws/install/vision/share/colcon-core/packages/vision)
[8.135s] Level 1:colcon.colcon_core.environment:create_environment_scripts_only(vision)
[8.136s] Level 1:colcon.colcon_core.environment:checking '/home/fatma/VAUV/Software/vortex_ws/install/vision' for CMake module files
[8.137s] Level 1:colcon.colcon_core.environment:checking '/home/fatma/VAUV/Software/vortex_ws/install/vision' for CMake config files
[8.137s] Level 1:colcon.colcon_core.shell:create_environment_hook('vision', 'cmake_prefix_path')
[8.138s] INFO:colcon.colcon_core.shell:Creating environment hook '/home/fatma/VAUV/Software/vortex_ws/install/vision/share/vision/hook/cmake_prefix_path.ps1'
[8.139s] INFO:colcon.colcon_core.shell:Creating environment descriptor '/home/fatma/VAUV/Software/vortex_ws/install/vision/share/vision/hook/cmake_prefix_path.dsv'
[8.140s] INFO:colcon.colcon_core.shell:Creating environment hook '/home/fatma/VAUV/Software/vortex_ws/install/vision/share/vision/hook/cmake_prefix_path.sh'
[8.141s] Level 1:colcon.colcon_core.environment:checking '/home/fatma/VAUV/Software/vortex_ws/install/vision/bin'
[8.141s] Level 1:colcon.colcon_core.environment:checking '/home/fatma/VAUV/Software/vortex_ws/install/vision/lib/pkgconfig/vision.pc'
[8.142s] Level 1:colcon.colcon_core.environment:checking '/home/fatma/VAUV/Software/vortex_ws/install/vision/lib/python3.6/site-packages'
[8.143s] INFO:colcon.colcon_core.shell:Creating package script '/home/fatma/VAUV/Software/vortex_ws/install/vision/share/vision/package.ps1'
[8.143s] INFO:colcon.colcon_core.shell:Creating package descriptor '/home/fatma/VAUV/Software/vortex_ws/install/vision/share/vision/package.dsv'
[8.144s] INFO:colcon.colcon_core.shell:Creating package script '/home/fatma/VAUV/Software/vortex_ws/install/vision/share/vision/package.sh'
[8.145s] INFO:colcon.colcon_core.shell:Creating package script '/home/fatma/VAUV/Software/vortex_ws/install/vision/share/vision/package.bash'
[8.146s] INFO:colcon.colcon_core.shell:Creating package script '/home/fatma/VAUV/Software/vortex_ws/install/vision/share/vision/package.zsh'
[8.146s] Level 1:colcon.colcon_core.environment:create_file_with_runtime_dependencies(/home/fatma/VAUV/Software/vortex_ws/install/vision/share/colcon-core/packages/vision)
[8.147s] DEBUG:colcon.colcon_parallel_executor.executor.parallel:closing loop
[8.148s] DEBUG:colcon.colcon_parallel_executor.executor.parallel:loop closed
[8.148s] DEBUG:colcon.colcon_parallel_executor.executor.parallel:run_until_complete finished with '0'
[8.148s] DEBUG:colcon.colcon_core.event_reactor:joining thread
[8.195s] INFO:colcon.colcon_core.plugin_system:Skipping extension 'colcon_notification.desktop_notification.terminal_notifier': Not used on non-Darwin systems
[8.195s] INFO:colcon.colcon_core.plugin_system:Skipping extension 'colcon_notification.desktop_notification.win32': Not used on non-Windows systems
[8.195s] INFO:colcon.colcon_notification.desktop_notification:Sending desktop notification using 'notify2'
[8.200s] DEBUG:colcon.colcon_core.event_reactor:joined thread
[8.201s] INFO:colcon.colcon_core.shell:Creating prefix script '/home/fatma/VAUV/Software/vortex_ws/install/local_setup.ps1'
[8.223s] INFO:colcon.colcon_core.shell:Creating prefix util module '/home/fatma/VAUV/Software/vortex_ws/install/_local_setup_util_ps1.py'
[8.260s] INFO:colcon.colcon_core.shell:Creating prefix chain script '/home/fatma/VAUV/Software/vortex_ws/install/setup.ps1'
[8.288s] INFO:colcon.colcon_core.shell:Creating prefix script '/home/fatma/VAUV/Software/vortex_ws/install/local_setup.sh'
[8.290s] INFO:colcon.colcon_core.shell:Creating prefix util module '/home/fatma/VAUV/Software/vortex_ws/install/_local_setup_util_sh.py'
[8.292s] INFO:colcon.colcon_core.shell:Creating prefix chain script '/home/fatma/VAUV/Software/vortex_ws/install/setup.sh'
[8.327s] INFO:colcon.colcon_core.shell:Creating prefix script '/home/fatma/VAUV/Software/vortex_ws/install/local_setup.bash'
[8.328s] INFO:colcon.colcon_core.shell:Creating prefix chain script '/home/fatma/VAUV/Software/vortex_ws/install/setup.bash'
[8.331s] INFO:colcon.colcon_core.shell:Creating prefix script '/home/fatma/VAUV/Software/vortex_ws/install/local_setup.zsh'
[8.332s] INFO:colcon.colcon_core.shell:Creating prefix chain script '/home/fatma/VAUV/Software/vortex_ws/install/setup.zsh'
