[0.023s] Invoking command in '/home/fatma/VAUV/Software/vortex_ws/build/sensors': CMAKE_PREFIX_PATH=/opt/ros/eloquent /usr/local/bin/cmake /home/fatma/VAUV/Software/vortex_ws/src/sensors -DCMAKE_INSTALL_PREFIX=/home/fatma/VAUV/Software/vortex_ws/install/sensors
[0.161s] -- The C compiler identification is GNU 7.5.0
[0.281s] -- The CXX compiler identification is GNU 7.5.0
[0.305s] -- Check for working C compiler: /usr/bin/cc
[0.381s] -- Check for working C compiler: /usr/bin/cc -- works
[0.387s] -- Detecting C compiler ABI info
[0.469s] -- Detecting C compiler ABI info - done
[0.554s] -- Detecting C compile features
[0.815s] -- Detecting C compile features - done
[0.831s] -- Check for working CXX compiler: /usr/bin/c++
[0.927s] -- Check for working CXX compiler: /usr/bin/c++ -- works
[0.933s] -- Detecting CXX compiler ABI info
[1.033s] -- Detecting CXX compiler ABI info - done
[1.119s] -- Detecting CXX compile features
[1.614s] -- Detecting CXX compile features - done
[1.620s] -- Found ament_cmake: 0.8.2 (/opt/ros/eloquent/share/ament_cmake/cmake)
[1.668s] -- Found PythonInterp: /usr/bin/python3 (found suitable version "3.6.9", minimum required is "3") 
[1.668s] -- Using PYTHON_EXECUTABLE: /usr/bin/python3
[1.963s] -- Found ament_lint_auto: 0.8.1 (/opt/ros/eloquent/share/ament_lint_auto/cmake)
[2.099s] -- Added test 'lint_cmake' to check CMake code style
[2.103s] -- Added test 'xmllint' to check XML markup files
[2.109s] -- Configuring done
[2.115s] -- Generating done
[2.118s] -- Build files have been written to: /home/fatma/VAUV/Software/vortex_ws/build/sensors
[2.123s] Invoked command in '/home/fatma/VAUV/Software/vortex_ws/build/sensors' returned '0': CMAKE_PREFIX_PATH=/opt/ros/eloquent /usr/local/bin/cmake /home/fatma/VAUV/Software/vortex_ws/src/sensors -DCMAKE_INSTALL_PREFIX=/home/fatma/VAUV/Software/vortex_ws/install/sensors
[2.127s] Invoking command in '/home/fatma/VAUV/Software/vortex_ws/build/sensors': CMAKE_PREFIX_PATH=/opt/ros/eloquent /usr/local/bin/cmake --build /home/fatma/VAUV/Software/vortex_ws/build/sensors -- -j4 -l4
[2.154s] Invoked command in '/home/fatma/VAUV/Software/vortex_ws/build/sensors' returned '0': CMAKE_PREFIX_PATH=/opt/ros/eloquent /usr/local/bin/cmake --build /home/fatma/VAUV/Software/vortex_ws/build/sensors -- -j4 -l4
[2.182s] Invoking command in '/home/fatma/VAUV/Software/vortex_ws/build/sensors': CMAKE_PREFIX_PATH=/opt/ros/eloquent /usr/local/bin/cmake --build /home/fatma/VAUV/Software/vortex_ws/build/sensors --target install -- -j4 -l4
[2.213s] [36mInstall the project...[0m
[2.218s] -- Install configuration: ""
[2.219s] -- Installing: /home/fatma/VAUV/Software/vortex_ws/install/sensors/share/ament_index/resource_index/package_run_dependencies/sensors
[2.219s] -- Installing: /home/fatma/VAUV/Software/vortex_ws/install/sensors/share/ament_index/resource_index/parent_prefix_path/sensors
[2.220s] -- Installing: /home/fatma/VAUV/Software/vortex_ws/install/sensors/share/sensors/environment/ament_prefix_path.sh
[2.220s] -- Installing: /home/fatma/VAUV/Software/vortex_ws/install/sensors/share/sensors/environment/ament_prefix_path.dsv
[2.221s] -- Installing: /home/fatma/VAUV/Software/vortex_ws/install/sensors/share/sensors/environment/path.sh
[2.221s] -- Installing: /home/fatma/VAUV/Software/vortex_ws/install/sensors/share/sensors/environment/path.dsv
[2.221s] -- Installing: /home/fatma/VAUV/Software/vortex_ws/install/sensors/share/sensors/local_setup.bash
[2.222s] -- Installing: /home/fatma/VAUV/Software/vortex_ws/install/sensors/share/sensors/local_setup.sh
[2.222s] -- Installing: /home/fatma/VAUV/Software/vortex_ws/install/sensors/share/sensors/local_setup.zsh
[2.223s] -- Installing: /home/fatma/VAUV/Software/vortex_ws/install/sensors/share/sensors/local_setup.dsv
[2.223s] -- Installing: /home/fatma/VAUV/Software/vortex_ws/install/sensors/share/sensors/package.dsv
[2.224s] -- Installing: /home/fatma/VAUV/Software/vortex_ws/install/sensors/share/ament_index/resource_index/packages/sensors
[2.224s] -- Installing: /home/fatma/VAUV/Software/vortex_ws/install/sensors/share/sensors/cmake/sensorsConfig.cmake
[2.225s] -- Installing: /home/fatma/VAUV/Software/vortex_ws/install/sensors/share/sensors/cmake/sensorsConfig-version.cmake
[2.225s] -- Installing: /home/fatma/VAUV/Software/vortex_ws/install/sensors/share/sensors/package.xml
[2.230s] Invoked command in '/home/fatma/VAUV/Software/vortex_ws/build/sensors' returned '0': CMAKE_PREFIX_PATH=/opt/ros/eloquent /usr/local/bin/cmake --build /home/fatma/VAUV/Software/vortex_ws/build/sensors --target install -- -j4 -l4
