[0.105s] Invoking command in '/home/fatma/AUV_ws/build/health_monitor': CMAKE_PREFIX_PATH=/opt/ros/eloquent /usr/local/bin/cmake /home/fatma/AUV_ws/src/health_monitor -DCMAKE_INSTALL_PREFIX=/home/fatma/AUV_ws/install/health_monitor
[3.158s] -- The C compiler identification is GNU 7.5.0
[5.392s] -- The CXX compiler identification is GNU 7.5.0
[5.614s] -- Check for working C compiler: /usr/bin/cc
[5.785s] -- Check for working C compiler: /usr/bin/cc -- works
[5.817s] -- Detecting C compiler ABI info
[5.974s] -- Detecting C compiler ABI info - done
[6.076s] -- Detecting C compile features
[6.446s] -- Detecting C compile features - done
[6.497s] -- Check for working CXX compiler: /usr/bin/c++
[6.625s] -- Check for working CXX compiler: /usr/bin/c++ -- works
[6.633s] -- Detecting CXX compiler ABI info
[6.772s] -- Detecting CXX compiler ABI info - done
[6.932s] -- Detecting CXX compile features
[7.664s] -- Detecting CXX compile features - done
[7.746s] -- Found ament_cmake: 0.8.2 (/opt/ros/eloquent/share/ament_cmake/cmake)
[7.855s] -- Found PythonInterp: /usr/bin/python3 (found suitable version "3.6.9", minimum required is "3") 
[7.855s] -- Using PYTHON_EXECUTABLE: /usr/bin/python3
[8.395s] -- Found ament_lint_auto: 0.8.1 (/opt/ros/eloquent/share/ament_lint_auto/cmake)
[8.668s] -- Added test 'lint_cmake' to check CMake code style
[8.675s] -- Added test 'xmllint' to check XML markup files
[8.687s] -- Configuring done
[8.701s] -- Generating done
[8.702s] -- Build files have been written to: /home/fatma/AUV_ws/build/health_monitor
[8.716s] Invoked command in '/home/fatma/AUV_ws/build/health_monitor' returned '0': CMAKE_PREFIX_PATH=/opt/ros/eloquent /usr/local/bin/cmake /home/fatma/AUV_ws/src/health_monitor -DCMAKE_INSTALL_PREFIX=/home/fatma/AUV_ws/install/health_monitor
[8.718s] Invoking command in '/home/fatma/AUV_ws/build/health_monitor': CMAKE_PREFIX_PATH=/opt/ros/eloquent /usr/local/bin/cmake --build /home/fatma/AUV_ws/build/health_monitor -- -j4 -l4
[8.750s] Invoked command in '/home/fatma/AUV_ws/build/health_monitor' returned '0': CMAKE_PREFIX_PATH=/opt/ros/eloquent /usr/local/bin/cmake --build /home/fatma/AUV_ws/build/health_monitor -- -j4 -l4
[8.783s] Invoking command in '/home/fatma/AUV_ws/build/health_monitor': CMAKE_PREFIX_PATH=/opt/ros/eloquent /usr/local/bin/cmake --build /home/fatma/AUV_ws/build/health_monitor --target install -- -j4 -l4
[8.820s] [36mInstall the project...[0m
[8.827s] -- Install configuration: ""
[8.827s] -- Installing: /home/fatma/AUV_ws/install/health_monitor/share/ament_index/resource_index/package_run_dependencies/health_monitor
[8.828s] -- Installing: /home/fatma/AUV_ws/install/health_monitor/share/ament_index/resource_index/parent_prefix_path/health_monitor
[8.829s] -- Installing: /home/fatma/AUV_ws/install/health_monitor/share/health_monitor/environment/ament_prefix_path.sh
[8.829s] -- Installing: /home/fatma/AUV_ws/install/health_monitor/share/health_monitor/environment/ament_prefix_path.dsv
[8.830s] -- Installing: /home/fatma/AUV_ws/install/health_monitor/share/health_monitor/environment/path.sh
[8.831s] -- Installing: /home/fatma/AUV_ws/install/health_monitor/share/health_monitor/environment/path.dsv
[8.833s] -- Installing: /home/fatma/AUV_ws/install/health_monitor/share/health_monitor/local_setup.bash
[8.834s] -- Installing: /home/fatma/AUV_ws/install/health_monitor/share/health_monitor/local_setup.sh
[8.835s] -- Installing: /home/fatma/AUV_ws/install/health_monitor/share/health_monitor/local_setup.zsh
[8.836s] -- Installing: /home/fatma/AUV_ws/install/health_monitor/share/health_monitor/local_setup.dsv
[8.836s] -- Installing: /home/fatma/AUV_ws/install/health_monitor/share/health_monitor/package.dsv
[8.836s] -- Installing: /home/fatma/AUV_ws/install/health_monitor/share/ament_index/resource_index/packages/health_monitor
[8.836s] -- Installing: /home/fatma/AUV_ws/install/health_monitor/share/health_monitor/cmake/health_monitorConfig.cmake
[8.836s] -- Installing: /home/fatma/AUV_ws/install/health_monitor/share/health_monitor/cmake/health_monitorConfig-version.cmake
[8.836s] -- Installing: /home/fatma/AUV_ws/install/health_monitor/share/health_monitor/package.xml
[9.009s] Invoked command in '/home/fatma/AUV_ws/build/health_monitor' returned '0': CMAKE_PREFIX_PATH=/opt/ros/eloquent /usr/local/bin/cmake --build /home/fatma/AUV_ws/build/health_monitor --target install -- -j4 -l4
